2021-10-03 13:59:33.221307: I tensorflow/core/platform/cpu_feature_guard.cc:142] This TensorFlow binary is optimized with oneAPI Deep Neural Network Library (oneDNN) to use the following CPU instructions in performance-critical operations:  AVX2 FMA
To enable them in other operations, rebuild TensorFlow with the appropriate compiler flags.
Epoch 1/10
2021-10-03 13:59:34.789745: I tensorflow/compiler/mlir/mlir_graph_optimization_pass.cc:176] None of the MLIR Optimization Passes are enabled (registered 2)



14/14 [==============================] - 49s 781ms/step - loss: 0.8145 - accuracy: 0.4646 - val_loss: 0.7027 - val_accuracy: 0.4694
Epoch 2/10



14/14 [==============================] - 8s 567ms/step - loss: 0.6843 - accuracy: 0.5710 - val_loss: 0.7066 - val_accuracy: 0.5306
Epoch 3/10


14/14 [==============================] - 6s 452ms/step - loss: 0.6463 - accuracy: 0.6168 - val_loss: 0.6434 - val_accuracy: 0.6939
Epoch 4/10



14/14 [==============================] - 7s 524ms/step - loss: 0.5698 - accuracy: 0.7526 - val_loss: 0.6335 - val_accuracy: 0.6735
Epoch 5/10




14/14 [==============================] - 11s 755ms/step - loss: 0.3252 - accuracy: 0.8874 - val_loss: 0.7931 - val_accuracy: 0.6939
Epoch 6/10




14/14 [==============================] - 11s 750ms/step - loss: 0.1813 - accuracy: 0.9332 - val_loss: 0.9818 - val_accuracy: 0.7143
Epoch 7/10



14/14 [==============================] - 8s 595ms/step - loss: 0.0967 - accuracy: 0.9631 - val_loss: 1.2433 - val_accuracy: 0.7143
Epoch 8/10


14/14 [==============================] - 8s 554ms/step - loss: 0.0581 - accuracy: 0.9664 - val_loss: 1.4262 - val_accuracy: 0.6531
Epoch 9/10



14/14 [==============================] - 8s 549ms/step - loss: 0.0790 - accuracy: 0.9686 - val_loss: 1.2418 - val_accuracy: 0.6122
Epoch 10/10





14/14 [==============================] - 10s 713ms/step - loss: 0.0706 - accuracy: 0.9691 - val_loss: 1.1851 - val_accuracy: 0.6939
Result:
               precision    recall  f1-score   support
           0       0.52      0.48      0.50        99
           1       0.55      0.58      0.57       108
    accuracy                           0.54       207
   macro avg       0.53      0.53      0.53       207
weighted avg       0.54      0.54      0.54       207