2021-10-03 13:14:53.206498: I tensorflow/core/platform/cpu_feature_guard.cc:142] This TensorFlow binary is optimized with oneAPI Deep Neural Network Library (oneDNN) to use the following CPU instructions in performance-critical operations:  AVX2 FMA
To enable them in other operations, rebuild TensorFlow with the appropriate compiler flags.
Epoch 1/10
2021-10-03 13:14:54.928170: I tensorflow/compiler/mlir/mlir_graph_optimization_pass.cc:176] None of the MLIR Optimization Passes are enabled (registered 2)


14/14 [==============================] - 53s 589ms/step - loss: 0.7552 - accuracy: 0.5287 - val_loss: 0.6505 - val_accuracy: 0.6531
Epoch 2/10


14/14 [==============================] - 6s 438ms/step - loss: 0.6338 - accuracy: 0.6556 - val_loss: 0.6498 - val_accuracy: 0.6531
Epoch 3/10


14/14 [==============================] - 6s 429ms/step - loss: 0.4720 - accuracy: 0.8069 - val_loss: 0.6312 - val_accuracy: 0.6531
Epoch 4/10


14/14 [==============================] - 6s 445ms/step - loss: 0.3510 - accuracy: 0.8782 - val_loss: 0.7859 - val_accuracy: 0.6735
Epoch 5/10


14/14 [==============================] - 6s 440ms/step - loss: 0.2542 - accuracy: 0.9032 - val_loss: 0.6878 - val_accuracy: 0.6939
Epoch 6/10


14/14 [==============================] - 6s 425ms/step - loss: 0.1078 - accuracy: 0.9704 - val_loss: 1.1473 - val_accuracy: 0.7347
Epoch 7/10


14/14 [==============================] - 6s 430ms/step - loss: 0.0679 - accuracy: 0.9757 - val_loss: 1.3485 - val_accuracy: 0.6939
Epoch 8/10


14/14 [==============================] - 6s 427ms/step - loss: 0.0490 - accuracy: 0.9767 - val_loss: 1.4263 - val_accuracy: 0.6735
Epoch 9/10



14/14 [==============================] - 8s 565ms/step - loss: 0.0209 - accuracy: 0.9928 - val_loss: 1.2911 - val_accuracy: 0.7347
Epoch 10/10




14/14 [==============================] - 8s 558ms/step - loss: 0.0449 - accuracy: 0.9910 - val_loss: 1.6853 - val_accuracy: 0.6531
Result:
               precision    recall  f1-score   support
           0       0.47      0.34      0.40        99
           1       0.51      0.64      0.57       108
    accuracy                           0.50       207
   macro avg       0.49      0.49      0.48       207
weighted avg       0.49      0.50      0.49       207