2021-10-03 13:44:01.163086: I tensorflow/core/platform/cpu_feature_guard.cc:142] This TensorFlow binary is optimized with oneAPI Deep Neural Network Library (oneDNN) to use the following CPU instructions in performance-critical operations:  AVX2 FMA
To enable them in other operations, rebuild TensorFlow with the appropriate compiler flags.
Epoch 1/10
2021-10-03 13:44:02.672148: I tensorflow/compiler/mlir/mlir_graph_optimization_pass.cc:176] None of the MLIR Optimization Passes are enabled (registered 2)


14/14 [==============================] - 44s 551ms/step - loss: 0.7628 - accuracy: 0.4803 - val_loss: 0.6814 - val_accuracy: 0.6327
Epoch 2/10

14/14 [==============================] - 6s 407ms/step - loss: 0.6496 - accuracy: 0.6419 - val_loss: 0.6296 - val_accuracy: 0.6327
Epoch 3/10


14/14 [==============================] - 6s 399ms/step - loss: 0.4974 - accuracy: 0.8151 - val_loss: 0.7255 - val_accuracy: 0.5510
Epoch 4/10


14/14 [==============================] - 6s 403ms/step - loss: 0.3530 - accuracy: 0.8516 - val_loss: 0.8410 - val_accuracy: 0.7143
Epoch 5/10


14/14 [==============================] - 6s 421ms/step - loss: 0.1987 - accuracy: 0.9307 - val_loss: 0.9340 - val_accuracy: 0.6327
Epoch 6/10

14/14 [==============================] - 6s 400ms/step - loss: 0.1057 - accuracy: 0.9706 - val_loss: 1.1828 - val_accuracy: 0.6735
Epoch 7/10

14/14 [==============================] - 6s 405ms/step - loss: 0.0541 - accuracy: 0.9789 - val_loss: 1.0776 - val_accuracy: 0.6939
Epoch 8/10


14/14 [==============================] - 6s 402ms/step - loss: 0.0326 - accuracy: 0.9923 - val_loss: 1.1417 - val_accuracy: 0.6939
Epoch 9/10


14/14 [==============================] - 6s 401ms/step - loss: 0.0125 - accuracy: 0.9967 - val_loss: 1.4269 - val_accuracy: 0.6939
Epoch 10/10



14/14 [==============================] - 6s 396ms/step - loss: 0.0112 - accuracy: 0.9952 - val_loss: 1.7000 - val_accuracy: 0.6327
Result:
               precision    recall  f1-score   support
           0       0.48      0.36      0.41        99
           1       0.52      0.64      0.57       108
    accuracy                           0.51       207
   macro avg       0.50      0.50      0.49       207
weighted avg       0.50      0.51      0.50       207