2021-10-03 13:18:49.572194: I tensorflow/core/platform/cpu_feature_guard.cc:142] This TensorFlow binary is optimized with oneAPI Deep Neural Network Library (oneDNN) to use the following CPU instructions in performance-critical operations:  AVX2 FMA
To enable them in other operations, rebuild TensorFlow with the appropriate compiler flags.
Epoch 1/10
2021-10-03 13:18:51.191201: I tensorflow/compiler/mlir/mlir_graph_optimization_pass.cc:176] None of the MLIR Optimization Passes are enabled (registered 2)


14/14 [==============================] - 46s 568ms/step - loss: 0.7816 - accuracy: 0.4753 - val_loss: 0.6922 - val_accuracy: 0.5510
Epoch 2/10

14/14 [==============================] - 6s 414ms/step - loss: 0.6867 - accuracy: 0.6031 - val_loss: 0.6634 - val_accuracy: 0.5918
Epoch 3/10


14/14 [==============================] - 6s 405ms/step - loss: 0.6552 - accuracy: 0.6354 - val_loss: 0.6281 - val_accuracy: 0.5306
Epoch 4/10


14/14 [==============================] - 6s 411ms/step - loss: 0.5161 - accuracy: 0.7882 - val_loss: 0.5034 - val_accuracy: 0.7551
Epoch 5/10


14/14 [==============================] - 6s 418ms/step - loss: 0.3218 - accuracy: 0.8730 - val_loss: 0.4494 - val_accuracy: 0.7755
Epoch 6/10


14/14 [==============================] - 6s 412ms/step - loss: 0.1809 - accuracy: 0.9478 - val_loss: 0.6215 - val_accuracy: 0.7551
Epoch 7/10


14/14 [==============================] - 6s 436ms/step - loss: 0.1058 - accuracy: 0.9691 - val_loss: 1.3826 - val_accuracy: 0.6939
Epoch 8/10


14/14 [==============================] - 6s 424ms/step - loss: 0.0483 - accuracy: 0.9813 - val_loss: 0.8890 - val_accuracy: 0.7347
Epoch 9/10


14/14 [==============================] - 6s 419ms/step - loss: 0.0548 - accuracy: 0.9773 - val_loss: 1.1815 - val_accuracy: 0.6939
Epoch 10/10



14/14 [==============================] - 6s 450ms/step - loss: 0.0367 - accuracy: 0.9903 - val_loss: 2.0817 - val_accuracy: 0.6122
Result:
               precision    recall  f1-score   support
           0       0.48      0.74      0.58        99
           1       0.54      0.28      0.37       108
    accuracy                           0.50       207
   macro avg       0.51      0.51      0.47       207
weighted avg       0.51      0.50      0.47       207