2021-10-03 14:29:10.972794: I tensorflow/core/platform/cpu_feature_guard.cc:142] This TensorFlow binary is optimized with oneAPI Deep Neural Network Library (oneDNN) to use the following CPU instructions in performance-critical operations:  AVX2 FMA
To enable them in other operations, rebuild TensorFlow with the appropriate compiler flags.
Epoch 1/10
2021-10-03 14:29:12.471751: I tensorflow/compiler/mlir/mlir_graph_optimization_pass.cc:176] None of the MLIR Optimization Passes are enabled (registered 2)




14/14 [==============================] - 64s 834ms/step - loss: 0.7881 - accuracy: 0.5241 - val_loss: 0.7147 - val_accuracy: 0.4694
Epoch 2/10



14/14 [==============================] - 9s 596ms/step - loss: 0.6794 - accuracy: 0.5768 - val_loss: 0.6368 - val_accuracy: 0.5102
Epoch 3/10


14/14 [==============================] - 7s 507ms/step - loss: 0.5898 - accuracy: 0.6852 - val_loss: 0.6573 - val_accuracy: 0.5510
Epoch 4/10



14/14 [==============================] - 8s 551ms/step - loss: 0.5262 - accuracy: 0.7816 - val_loss: 0.5743 - val_accuracy: 0.7143
Epoch 5/10



14/14 [==============================] - 7s 531ms/step - loss: 0.3097 - accuracy: 0.9079 - val_loss: 0.7707 - val_accuracy: 0.7143
Epoch 6/10



14/14 [==============================] - 8s 553ms/step - loss: 0.1339 - accuracy: 0.9760 - val_loss: 0.9252 - val_accuracy: 0.7347
Epoch 7/10


14/14 [==============================] - 8s 552ms/step - loss: 0.1478 - accuracy: 0.9416 - val_loss: 1.1637 - val_accuracy: 0.6531
Epoch 8/10


14/14 [==============================] - 8s 555ms/step - loss: 0.0883 - accuracy: 0.9640 - val_loss: 1.1351 - val_accuracy: 0.6531
Epoch 9/10



14/14 [==============================] - 7s 518ms/step - loss: 0.0487 - accuracy: 0.9915 - val_loss: 1.1111 - val_accuracy: 0.7143
Epoch 10/10



14/14 [==============================] - 7s 515ms/step - loss: 0.0273 - accuracy: 0.9943 - val_loss: 1.2808 - val_accuracy: 0.6939
Result:
               precision    recall  f1-score   support
           0       0.49      0.42      0.45        99
           1       0.53      0.59      0.56       108
    accuracy                           0.51       207
   macro avg       0.51      0.51      0.51       207
weighted avg       0.51      0.51      0.51       207