2021-10-03 14:15:28.883306: I tensorflow/core/platform/cpu_feature_guard.cc:142] This TensorFlow binary is optimized with oneAPI Deep Neural Network Library (oneDNN) to use the following CPU instructions in performance-critical operations:  AVX2 FMA
To enable them in other operations, rebuild TensorFlow with the appropriate compiler flags.
Epoch 1/10
2021-10-03 14:15:31.045011: I tensorflow/compiler/mlir/mlir_graph_optimization_pass.cc:176] None of the MLIR Optimization Passes are enabled (registered 2)



14/14 [==============================] - 63s 736ms/step - loss: 0.7785 - accuracy: 0.4748 - val_loss: 0.6832 - val_accuracy: 0.6122
Epoch 2/10


14/14 [==============================] - 6s 458ms/step - loss: 0.6887 - accuracy: 0.5408 - val_loss: 0.6750 - val_accuracy: 0.5306
Epoch 3/10


14/14 [==============================] - 7s 511ms/step - loss: 0.6625 - accuracy: 0.6224 - val_loss: 0.5463 - val_accuracy: 0.7755
Epoch 4/10



14/14 [==============================] - 7s 505ms/step - loss: 0.5540 - accuracy: 0.7463 - val_loss: 0.6096 - val_accuracy: 0.6327
Epoch 5/10


14/14 [==============================] - 7s 494ms/step - loss: 0.3645 - accuracy: 0.9005 - val_loss: 0.6550 - val_accuracy: 0.6735
Epoch 6/10


14/14 [==============================] - 6s 427ms/step - loss: 0.2158 - accuracy: 0.9277 - val_loss: 0.8681 - val_accuracy: 0.6327
Epoch 7/10


14/14 [==============================] - 6s 426ms/step - loss: 0.1566 - accuracy: 0.9228 - val_loss: 0.7861 - val_accuracy: 0.7347
Epoch 8/10


14/14 [==============================] - 6s 427ms/step - loss: 0.0766 - accuracy: 0.9732 - val_loss: 0.8663 - val_accuracy: 0.7143
Epoch 9/10


14/14 [==============================] - 6s 434ms/step - loss: 0.0293 - accuracy: 0.9925 - val_loss: 1.2236 - val_accuracy: 0.7143
Epoch 10/10



14/14 [==============================] - 6s 438ms/step - loss: 0.0153 - accuracy: 0.9948 - val_loss: 1.0368 - val_accuracy: 0.7551
Result:
               precision    recall  f1-score   support
           0       0.46      0.31      0.37        99
           1       0.51      0.66      0.57       108
    accuracy                           0.49       207
   macro avg       0.48      0.49      0.47       207
weighted avg       0.48      0.49      0.48       207