2021-10-03 13:22:30.596100: I tensorflow/core/platform/cpu_feature_guard.cc:142] This TensorFlow binary is optimized with oneAPI Deep Neural Network Library (oneDNN) to use the following CPU instructions in performance-critical operations:  AVX2 FMA
To enable them in other operations, rebuild TensorFlow with the appropriate compiler flags.
Epoch 1/10
2021-10-03 13:22:32.144727: I tensorflow/compiler/mlir/mlir_graph_optimization_pass.cc:176] None of the MLIR Optimization Passes are enabled (registered 2)



14/14 [==============================] - 45s 573ms/step - loss: 0.7903 - accuracy: 0.5064 - val_loss: 0.6801 - val_accuracy: 0.7347
Epoch 2/10


14/14 [==============================] - 6s 415ms/step - loss: 0.6586 - accuracy: 0.6104 - val_loss: 0.6191 - val_accuracy: 0.6531
Epoch 3/10

14/14 [==============================] - 6s 415ms/step - loss: 0.5292 - accuracy: 0.7638 - val_loss: 0.7123 - val_accuracy: 0.5510
Epoch 4/10

14/14 [==============================] - 6s 427ms/step - loss: 0.4296 - accuracy: 0.8115 - val_loss: 0.8574 - val_accuracy: 0.7347
Epoch 5/10

14/14 [==============================] - 6s 428ms/step - loss: 0.1825 - accuracy: 0.9374 - val_loss: 1.0242 - val_accuracy: 0.6735
Epoch 6/10


14/14 [==============================] - 6s 428ms/step - loss: 0.1156 - accuracy: 0.9539 - val_loss: 1.1294 - val_accuracy: 0.6735
Epoch 7/10

14/14 [==============================] - 6s 417ms/step - loss: 0.1110 - accuracy: 0.9595 - val_loss: 1.2710 - val_accuracy: 0.6327
Epoch 8/10

14/14 [==============================] - 6s 418ms/step - loss: 0.0795 - accuracy: 0.9664 - val_loss: 1.1380 - val_accuracy: 0.6531
Epoch 9/10

14/14 [==============================] - 6s 429ms/step - loss: 0.0270 - accuracy: 0.9918 - val_loss: 1.3798 - val_accuracy: 0.6735
Epoch 10/10



14/14 [==============================] - 6s 417ms/step - loss: 0.0203 - accuracy: 0.9867 - val_loss: 1.3351 - val_accuracy: 0.7347
Result:
               precision    recall  f1-score   support
           0       0.49      0.57      0.52        99
           1       0.53      0.45      0.49       108
    accuracy                           0.51       207
   macro avg       0.51      0.51      0.51       207
weighted avg       0.51      0.51      0.51       207