2021-10-03 14:09:17.854730: I tensorflow/core/platform/cpu_feature_guard.cc:142] This TensorFlow binary is optimized with oneAPI Deep Neural Network Library (oneDNN) to use the following CPU instructions in performance-critical operations:  AVX2 FMA
To enable them in other operations, rebuild TensorFlow with the appropriate compiler flags.
Epoch 1/10
2021-10-03 14:09:20.186286: I tensorflow/compiler/mlir/mlir_graph_optimization_pass.cc:176] None of the MLIR Optimization Passes are enabled (registered 2)




14/14 [==============================] - 67s 880ms/step - loss: 0.7427 - accuracy: 0.5369 - val_loss: 0.6802 - val_accuracy: 0.6122
Epoch 2/10




14/14 [==============================] - 9s 640ms/step - loss: 0.6752 - accuracy: 0.6324 - val_loss: 0.6631 - val_accuracy: 0.6122
Epoch 3/10


14/14 [==============================] - 7s 522ms/step - loss: 0.5789 - accuracy: 0.7318 - val_loss: 0.7064 - val_accuracy: 0.5306
Epoch 4/10




14/14 [==============================] - 9s 632ms/step - loss: 0.4298 - accuracy: 0.8437 - val_loss: 0.7386 - val_accuracy: 0.6122
Epoch 5/10


14/14 [==============================] - 8s 547ms/step - loss: 0.1866 - accuracy: 0.9535 - val_loss: 1.0553 - val_accuracy: 0.7143
Epoch 6/10



14/14 [==============================] - 9s 668ms/step - loss: 0.1113 - accuracy: 0.9622 - val_loss: 1.5199 - val_accuracy: 0.6122
Epoch 7/10





14/14 [==============================] - 12s 871ms/step - loss: 0.1689 - accuracy: 0.9441 - val_loss: 0.9632 - val_accuracy: 0.6735
Epoch 8/10







14/14 [==============================] - 18s 1s/step - loss: 0.0897 - accuracy: 0.9683 - val_loss: 1.1114 - val_accuracy: 0.7551
Epoch 9/10









14/14 [==============================] - 22s 2s/step - loss: 0.0270 - accuracy: 0.9887 - val_loss: 1.2836 - val_accuracy: 0.6939
Epoch 10/10



14/14 [==============================] - 17s 1s/step - loss: 0.0078 - accuracy: 1.0000 - val_loss: 1.5611 - val_accuracy: 0.7143
Result:
               precision    recall  f1-score   support
           0       0.46      0.54      0.50        99
           1       0.51      0.44      0.47       108
    accuracy                           0.48       207
   macro avg       0.49      0.49      0.48       207
weighted avg       0.49      0.48      0.48       207