2021-10-03 14:42:48.976226: I tensorflow/core/platform/cpu_feature_guard.cc:142] This TensorFlow binary is optimized with oneAPI Deep Neural Network Library (oneDNN) to use the following CPU instructions in performance-critical operations:  AVX2 FMA
To enable them in other operations, rebuild TensorFlow with the appropriate compiler flags.
Epoch 1/10
2021-10-03 14:42:51.448251: I tensorflow/compiler/mlir/mlir_graph_optimization_pass.cc:176] None of the MLIR Optimization Passes are enabled (registered 2)




14/14 [==============================] - 64s 1s/step - loss: 0.7603 - accuracy: 0.4597 - val_loss: 0.6887 - val_accuracy: 0.5306
Epoch 2/10



14/14 [==============================] - 10s 729ms/step - loss: 0.6844 - accuracy: 0.5565 - val_loss: 0.6588 - val_accuracy: 0.6735
Epoch 3/10



14/14 [==============================] - 9s 670ms/step - loss: 0.6327 - accuracy: 0.6623 - val_loss: 0.7104 - val_accuracy: 0.5102
Epoch 4/10



14/14 [==============================] - 9s 667ms/step - loss: 0.5778 - accuracy: 0.6982 - val_loss: 0.7615 - val_accuracy: 0.5306
Epoch 5/10


14/14 [==============================] - 7s 494ms/step - loss: 0.3703 - accuracy: 0.8390 - val_loss: 0.8594 - val_accuracy: 0.7143
Epoch 6/10

14/14 [==============================] - 6s 428ms/step - loss: 0.1888 - accuracy: 0.9303 - val_loss: 0.8987 - val_accuracy: 0.7143
Epoch 7/10

14/14 [==============================] - 6s 431ms/step - loss: 0.1723 - accuracy: 0.9202 - val_loss: 1.0410 - val_accuracy: 0.7551
Epoch 8/10

14/14 [==============================] - 6s 434ms/step - loss: 0.0827 - accuracy: 0.9713 - val_loss: 1.0680 - val_accuracy: 0.7143
Epoch 9/10

14/14 [==============================] - 6s 432ms/step - loss: 0.1056 - accuracy: 0.9655 - val_loss: 1.1897 - val_accuracy: 0.7143
Epoch 10/10


14/14 [==============================] - 6s 425ms/step - loss: 0.0356 - accuracy: 0.9886 - val_loss: 1.5825 - val_accuracy: 0.6735
Result:
               precision    recall  f1-score   support
           0       0.47      0.55      0.51        99
           1       0.52      0.44      0.48       108
    accuracy                           0.49       207
   macro avg       0.49      0.49      0.49       207
weighted avg       0.50      0.49      0.49       207