2021-10-03 09:19:59.959906: I tensorflow/core/platform/cpu_feature_guard.cc:142] This TensorFlow binary is optimized with oneAPI Deep Neural Network Library (oneDNN) to use the following CPU instructions in performance-critical operations:  AVX2 FMA
To enable them in other operations, rebuild TensorFlow with the appropriate compiler flags.
2021-10-03 09:20:01.527259: I tensorflow/compiler/mlir/mlir_graph_optimization_pass.cc:176] None of the MLIR Optimization Passes are enabled (registered 2)
Epoch 1/10



14/14 [==============================] - 47s 545ms/step - loss: 0.7896 - accuracy: 0.5117 - val_loss: 0.7052 - val_accuracy: 0.4898
Epoch 2/10


14/14 [==============================] - 6s 401ms/step - loss: 0.6761 - accuracy: 0.5870 - val_loss: 0.6533 - val_accuracy: 0.5306
Epoch 3/10

14/14 [==============================] - 6s 401ms/step - loss: 0.5876 - accuracy: 0.7347 - val_loss: 0.7866 - val_accuracy: 0.5510
Epoch 4/10

14/14 [==============================] - 6s 414ms/step - loss: 0.5647 - accuracy: 0.6865 - val_loss: 0.6468 - val_accuracy: 0.6735
Epoch 5/10

14/14 [==============================] - 6s 409ms/step - loss: 0.2714 - accuracy: 0.8952 - val_loss: 0.7721 - val_accuracy: 0.6735
Epoch 6/10


14/14 [==============================] - 6s 433ms/step - loss: 0.1664 - accuracy: 0.9351 - val_loss: 0.8936 - val_accuracy: 0.7347
Epoch 7/10


14/14 [==============================] - 6s 400ms/step - loss: 0.0804 - accuracy: 0.9724 - val_loss: 1.0468 - val_accuracy: 0.7347
Epoch 8/10


14/14 [==============================] - 6s 406ms/step - loss: 0.0451 - accuracy: 0.9884 - val_loss: 1.8097 - val_accuracy: 0.6735
Epoch 9/10


14/14 [==============================] - 6s 441ms/step - loss: 0.0573 - accuracy: 0.9849 - val_loss: 1.4413 - val_accuracy: 0.6735
Epoch 10/10



14/14 [==============================] - 6s 404ms/step - loss: 0.0709 - accuracy: 0.9757 - val_loss: 1.1418 - val_accuracy: 0.6735
Result:
               precision    recall  f1-score   support
           0       0.51      0.64      0.57        99
           1       0.57      0.44      0.49       108
    accuracy                           0.53       207
   macro avg       0.54      0.54      0.53       207
weighted avg       0.54      0.53      0.53       207