2021-10-03 10:38:12.896390: I tensorflow/core/platform/cpu_feature_guard.cc:142] This TensorFlow binary is optimized with oneAPI Deep Neural Network Library (oneDNN) to use the following CPU instructions in performance-critical operations:  AVX2 FMA
To enable them in other operations, rebuild TensorFlow with the appropriate compiler flags.
Epoch 1/10
2021-10-03 10:38:14.454670: I tensorflow/compiler/mlir/mlir_graph_optimization_pass.cc:176] None of the MLIR Optimization Passes are enabled (registered 2)



14/14 [==============================] - 45s 548ms/step - loss: 0.8068 - accuracy: 0.4674 - val_loss: 0.6943 - val_accuracy: 0.4694
Epoch 2/10


14/14 [==============================] - 6s 399ms/step - loss: 0.6851 - accuracy: 0.5771 - val_loss: 0.6520 - val_accuracy: 0.5306
Epoch 3/10


14/14 [==============================] - 6s 397ms/step - loss: 0.6515 - accuracy: 0.5884 - val_loss: 0.6393 - val_accuracy: 0.6327
Epoch 4/10

14/14 [==============================] - 6s 402ms/step - loss: 0.5774 - accuracy: 0.6782 - val_loss: 0.6013 - val_accuracy: 0.6939
Epoch 5/10

14/14 [==============================] - 6s 398ms/step - loss: 0.3236 - accuracy: 0.8624 - val_loss: 0.7057 - val_accuracy: 0.7143
Epoch 6/10


14/14 [==============================] - 6s 395ms/step - loss: 0.2265 - accuracy: 0.9270 - val_loss: 0.9983 - val_accuracy: 0.6939
Epoch 7/10


14/14 [==============================] - 6s 446ms/step - loss: 0.1447 - accuracy: 0.9311 - val_loss: 0.9059 - val_accuracy: 0.7755
Epoch 8/10


14/14 [==============================] - 6s 435ms/step - loss: 0.1007 - accuracy: 0.9656 - val_loss: 1.1396 - val_accuracy: 0.6939
Epoch 9/10


14/14 [==============================] - 6s 420ms/step - loss: 0.0648 - accuracy: 0.9842 - val_loss: 1.2663 - val_accuracy: 0.6939
Epoch 10/10



14/14 [==============================] - 6s 401ms/step - loss: 0.0266 - accuracy: 0.9944 - val_loss: 1.5777 - val_accuracy: 0.7143
Result:
               precision    recall  f1-score   support
           0       0.52      0.39      0.45        99
           1       0.55      0.67      0.60       108
    accuracy                           0.54       207
   macro avg       0.53      0.53      0.52       207
weighted avg       0.53      0.54      0.53       207