2021-10-03 09:11:29.141205: I tensorflow/core/platform/cpu_feature_guard.cc:142] This TensorFlow binary is optimized with oneAPI Deep Neural Network Library (oneDNN) to use the following CPU instructions in performance-critical operations:  AVX2 FMA
To enable them in other operations, rebuild TensorFlow with the appropriate compiler flags.
2021-10-03 09:11:31.486432: I tensorflow/compiler/mlir/mlir_graph_optimization_pass.cc:176] None of the MLIR Optimization Passes are enabled (registered 2)
Epoch 1/10




14/14 [==============================] - 65s 832ms/step - loss: 0.8178 - accuracy: 0.4730 - val_loss: 0.6425 - val_accuracy: 0.7143
Epoch 2/10



14/14 [==============================] - 10s 706ms/step - loss: 0.6778 - accuracy: 0.5508 - val_loss: 0.8668 - val_accuracy: 0.4898
Epoch 3/10



14/14 [==============================] - 8s 540ms/step - loss: 0.6327 - accuracy: 0.6173 - val_loss: 0.5799 - val_accuracy: 0.6939
Epoch 4/10



14/14 [==============================] - 8s 536ms/step - loss: 0.4691 - accuracy: 0.8071 - val_loss: 0.5555 - val_accuracy: 0.7551
Epoch 5/10



14/14 [==============================] - 8s 573ms/step - loss: 0.2961 - accuracy: 0.9130 - val_loss: 0.7741 - val_accuracy: 0.7347
Epoch 6/10


14/14 [==============================] - 7s 505ms/step - loss: 0.1311 - accuracy: 0.9486 - val_loss: 0.8632 - val_accuracy: 0.7551
Epoch 7/10




14/14 [==============================] - 9s 647ms/step - loss: 0.0673 - accuracy: 0.9727 - val_loss: 0.9291 - val_accuracy: 0.7143
Epoch 8/10



14/14 [==============================] - 8s 579ms/step - loss: 0.0416 - accuracy: 0.9882 - val_loss: 1.3154 - val_accuracy: 0.7347
Epoch 9/10


14/14 [==============================] - 6s 445ms/step - loss: 0.0532 - accuracy: 0.9821 - val_loss: 1.2533 - val_accuracy: 0.7347
Epoch 10/10



14/14 [==============================] - 6s 444ms/step - loss: 0.0241 - accuracy: 0.9932 - val_loss: 1.2871 - val_accuracy: 0.7347
Result:
               precision    recall  f1-score   support
           0       0.46      0.52      0.48        99
           1       0.49      0.44      0.46       108
    accuracy                           0.47       207
   macro avg       0.48      0.48      0.47       207
weighted avg       0.48      0.47      0.47       207