2021-10-03 10:17:37.298274: I tensorflow/core/platform/cpu_feature_guard.cc:142] This TensorFlow binary is optimized with oneAPI Deep Neural Network Library (oneDNN) to use the following CPU instructions in performance-critical operations:  AVX2 FMA
To enable them in other operations, rebuild TensorFlow with the appropriate compiler flags.
Epoch 1/10
2021-10-03 10:17:40.167474: I tensorflow/compiler/mlir/mlir_graph_optimization_pass.cc:176] None of the MLIR Optimization Passes are enabled (registered 2)




14/14 [==============================] - 80s 1s/step - loss: 0.8389 - accuracy: 0.4761 - val_loss: 0.6959 - val_accuracy: 0.4694
Epoch 2/10




14/14 [==============================] - 11s 793ms/step - loss: 0.6801 - accuracy: 0.5394 - val_loss: 0.6859 - val_accuracy: 0.5102
Epoch 3/10




14/14 [==============================] - 11s 768ms/step - loss: 0.5810 - accuracy: 0.7053 - val_loss: 0.5557 - val_accuracy: 0.7143
Epoch 4/10




14/14 [==============================] - 11s 757ms/step - loss: 0.4173 - accuracy: 0.8028 - val_loss: 0.7064 - val_accuracy: 0.6735
Epoch 5/10




14/14 [==============================] - 11s 777ms/step - loss: 0.2727 - accuracy: 0.8911 - val_loss: 0.7286 - val_accuracy: 0.6735
Epoch 6/10




14/14 [==============================] - 11s 793ms/step - loss: 0.1693 - accuracy: 0.9424 - val_loss: 1.0591 - val_accuracy: 0.6735
Epoch 7/10




14/14 [==============================] - 10s 685ms/step - loss: 0.0975 - accuracy: 0.9613 - val_loss: 1.0361 - val_accuracy: 0.7143
Epoch 8/10



14/14 [==============================] - 8s 609ms/step - loss: 0.0338 - accuracy: 0.9944 - val_loss: 1.9986 - val_accuracy: 0.6327
Epoch 9/10



14/14 [==============================] - 9s 618ms/step - loss: 0.0809 - accuracy: 0.9637 - val_loss: 1.4007 - val_accuracy: 0.6735
Epoch 10/10




14/14 [==============================] - 7s 501ms/step - loss: 0.0431 - accuracy: 0.9915 - val_loss: 1.7283 - val_accuracy: 0.6122
Result:
               precision    recall  f1-score   support
           0       0.52      0.46      0.49        99
           1       0.55      0.60      0.58       108
    accuracy                           0.54       207
   macro avg       0.53      0.53      0.53       207
weighted avg       0.53      0.54      0.53       207