2021-10-03 09:24:03.736108: I tensorflow/core/platform/cpu_feature_guard.cc:142] This TensorFlow binary is optimized with oneAPI Deep Neural Network Library (oneDNN) to use the following CPU instructions in performance-critical operations:  AVX2 FMA
To enable them in other operations, rebuild TensorFlow with the appropriate compiler flags.
2021-10-03 09:24:05.655698: I tensorflow/compiler/mlir/mlir_graph_optimization_pass.cc:176] None of the MLIR Optimization Passes are enabled (registered 2)
Epoch 1/10



14/14 [==============================] - 52s 705ms/step - loss: 0.7124 - accuracy: 0.5503 - val_loss: 0.7030 - val_accuracy: 0.5102
Epoch 2/10

14/14 [==============================] - 6s 435ms/step - loss: 0.6144 - accuracy: 0.6893 - val_loss: 0.8126 - val_accuracy: 0.5306
Epoch 3/10

14/14 [==============================] - 6s 444ms/step - loss: 0.4352 - accuracy: 0.7911 - val_loss: 0.7671 - val_accuracy: 0.6735
Epoch 4/10

14/14 [==============================] - 6s 416ms/step - loss: 0.3136 - accuracy: 0.8634 - val_loss: 0.6748 - val_accuracy: 0.7143
Epoch 5/10

14/14 [==============================] - 6s 401ms/step - loss: 0.1564 - accuracy: 0.9606 - val_loss: 0.7702 - val_accuracy: 0.7755
Epoch 6/10


14/14 [==============================] - 6s 402ms/step - loss: 0.1039 - accuracy: 0.9601 - val_loss: 0.8259 - val_accuracy: 0.7143
Epoch 7/10


14/14 [==============================] - 6s 419ms/step - loss: 0.0429 - accuracy: 0.9925 - val_loss: 1.2747 - val_accuracy: 0.7347
Epoch 8/10


14/14 [==============================] - 6s 397ms/step - loss: 0.0331 - accuracy: 0.9949 - val_loss: 1.0758 - val_accuracy: 0.6531
Epoch 9/10


14/14 [==============================] - 6s 415ms/step - loss: 0.0263 - accuracy: 0.9872 - val_loss: 1.2374 - val_accuracy: 0.7143
Epoch 10/10


14/14 [==============================] - 6s 410ms/step - loss: 0.0043 - accuracy: 1.0000 - val_loss: 1.4227 - val_accuracy: 0.7347
Result:
               precision    recall  f1-score   support
           0       0.50      0.49      0.50        99
           1       0.54      0.55      0.54       108
    accuracy                           0.52       207
   macro avg       0.52      0.52      0.52       207
weighted avg       0.52      0.52      0.52       207