2021-10-03 09:27:54.067398: I tensorflow/core/platform/cpu_feature_guard.cc:142] This TensorFlow binary is optimized with oneAPI Deep Neural Network Library (oneDNN) to use the following CPU instructions in performance-critical operations:  AVX2 FMA
To enable them in other operations, rebuild TensorFlow with the appropriate compiler flags.
Epoch 1/10
2021-10-03 09:27:55.912137: I tensorflow/compiler/mlir/mlir_graph_optimization_pass.cc:176] None of the MLIR Optimization Passes are enabled (registered 2)



14/14 [==============================] - 47s 554ms/step - loss: 0.7498 - accuracy: 0.4381 - val_loss: 0.6906 - val_accuracy: 0.5102
Epoch 2/10


14/14 [==============================] - 6s 396ms/step - loss: 0.6617 - accuracy: 0.6612 - val_loss: 0.6218 - val_accuracy: 0.7143
Epoch 3/10

14/14 [==============================] - 6s 400ms/step - loss: 0.5330 - accuracy: 0.7499 - val_loss: 0.7057 - val_accuracy: 0.5102
Epoch 4/10


14/14 [==============================] - 7s 495ms/step - loss: 0.3940 - accuracy: 0.8958 - val_loss: 0.8262 - val_accuracy: 0.6939
Epoch 5/10


14/14 [==============================] - 7s 490ms/step - loss: 0.2272 - accuracy: 0.9039 - val_loss: 0.6831 - val_accuracy: 0.7959
Epoch 6/10

14/14 [==============================] - 6s 443ms/step - loss: 0.1730 - accuracy: 0.9267 - val_loss: 1.0506 - val_accuracy: 0.6735
Epoch 7/10

14/14 [==============================] - 6s 439ms/step - loss: 0.1155 - accuracy: 0.9541 - val_loss: 1.0846 - val_accuracy: 0.7143
Epoch 8/10


14/14 [==============================] - 7s 488ms/step - loss: 0.0937 - accuracy: 0.9691 - val_loss: 0.8208 - val_accuracy: 0.7143
Epoch 9/10


14/14 [==============================] - 6s 442ms/step - loss: 0.0276 - accuracy: 0.9979 - val_loss: 1.3461 - val_accuracy: 0.7551
Epoch 10/10



14/14 [==============================] - 7s 480ms/step - loss: 0.0176 - accuracy: 0.9898 - val_loss: 1.5298 - val_accuracy: 0.7143
Result:
               precision    recall  f1-score   support
           0       0.48      0.56      0.52        99
           1       0.53      0.45      0.49       108
    accuracy                           0.50       207
   macro avg       0.50      0.50      0.50       207
weighted avg       0.51      0.50      0.50       207